Case #1: [E, A]
Case #2: [R, I, R]
Case #3: [F, D, T]
Case #4: [Z, E, R, A]
Case #5: []
Case #6: [A, I, A, B, M, M, J, N, Z]
Case #7: [P, B, T]
Case #8: [U, D, E, I, K, K, J, J, N, Z, C, I, N]
Case #9: [M, Y, M, A]
Case #10: [H, H, L, K, N, B, C, U, K, B, L, T, H, C, G, H, T, T, H, T, H, P, K, H, K, P, U, L, T, X, T, U, T, U, P, H, K, H, K, H, T, U, K, G, H, U, B, X, Q]
Case #11: [V, B, E, M, N, D, J, V, F, K, W, D, I, L, E, M, A, T, Z, W, O]
Case #12: [C, G, B, Z]
Case #13: [L, U, M, Q, M, K, G, X, H, D, I]
Case #14: []
Case #15: [W, A, J, C, T, C, G, W, M, R, N, O, N, L, D, O, M, V, B, U, T, B, A, C, U, G, D, K, Z, W, J, L, U]
Case #16: [W]
Case #17: [U, I]
Case #18: [W, H, I, C, H, S, E, A, T, S, H, O, U, L, I, D, T, A, A, A, A, A, A, A, A, A, A, A, A, A, A, A, A, A, A, A, A, A, A, A, A, A, A, A, A, A, A, A, A, A, A, A, A, A, A, A, A, A, A, A, A, A, A, K, E]
Case #19: [W, F, K]
Case #20: [T, H, E, C, A, K, E, I, S, A, L, I, E]
Case #21: [I, L, V, H, R, T, C, Z, O, H, O, K, M, J, M, W, O, Z, V, O, Z, L, N, H, H, N, D, B, V, B, Z]
Case #22: [N, G, E, Y, R, U, M, E, Q]
Case #23: []
Case #24: [G]
Case #25: [D]
Case #26: [E, S, E, F, W, R, X, M, E, X, F, W]
Case #27: [Y, J, B, W]
Case #28: [Z, Z, Z, Z, Z]
Case #29: [W, A, S, D, F, A, S, D, F, A, S, D, F, Q]
Case #30: [Q, A, S, D, F, A, S, D, F, A, S, D, F, W]
Case #31: [A, N, S]
Case #32: [S, D, S, E]
Case #33: [Q]
Case #34: [C, B, B, T, B, T, N, I, H, K, H, Y, U, N, T, M, G, M, C, Y, T, M, U, C, Y, M, O, O, M, M, B, O, N, N, B, K, Y, C, Z, I, C, N, T, O, M]
Case #35: []
Case #36: [J, K, W]
Case #37: [N, W]
Case #38: [F, G, T, Q, M, P, C, G, Y, M]
Case #39: []
Case #40: [V, V, K, H, B, M, J, V]
Case #41: [Q]
Case #42: [G]
Case #43: [P, Z, T, Z, C, Q, V]
Case #44: [P, U, R]
Case #45: []
Case #46: [F]
Case #47: [D, R, P, P, S]
Case #48: [G, P, H, H, S, P]
Case #49: [F]
Case #50: [F, U, Z, X, Z, U, X, U, N, N, A]
Case #51: [L, C, E]
Case #52: [W, A, S, D, F, A, S, D, F, A, S, D, F, Q]
Case #53: [G, W]
Case #54: []
Case #55: [L, K, J, I, T, M, Z, I, R, Q, S, N, V, M]
Case #56: [C, P, A, S, V, Q]
Case #57: [Q, A, S, D, F, A, S, D, F, A, S, D, F, W]
Case #58: [J, U, P, Z]
Case #59: [M, V, H, J, H, Y, L, H, C, U, T, V, B, Y, C, N, Q]
Case #60: [F, R, I, D, Y, A, F, R, I, D, Y, A, G, O, T, T, A, G, E, T, O, D, G, Q, O, N, F, R, I, D, Y, A]
Case #61: [W, J, P, C]
Case #62: [I, C, B, C, A, K, Y, L, F, T, H, L, F]
Case #63: [Q, A, S, D, F, A, S, D, F, A, S, D, F, E]
Case #64: [I, F, P, K, D, P, I, O]
Case #65: [E, E]
Case #66: [Z, Z, Z, Z, Z, Z, Z, Z, Z, Z, Z, Z, Z, Z, Z, Z, Z, Z, Z, Z, Z, Z, Z, Z, Z, Z, Z, Z, Z, Z, Z, Z, Z, Z, Z, Z, Z, Z, Z, Z, Z, Z, Z, Z, Z, Z, Z, Z, Z, W]
Case #67: [N, A, N, A, N, A, N, A, N, A, N, A, N, A, N, A, N, A, N, A, N, A, N, A, N, A, N, A, N, A, N, A, N, A, N, A, N, A, N, A, B, A, T, M, A, N]
Case #68: [D, O, D, J]
Case #69: [A, W, A, R, E, N, E, S, S]
Case #70: [B, X, T, Y, H]
Case #71: [S]
Case #72: [Q, F]
Case #73: [X, V, Q]
Case #74: [D, J, W, D, O, R, H, D, Y, R, U, S]
Case #75: [B, D, C, H, E, N, U, Q, O, S, D, J, G, F, D, X, H, A, N, W, V, L, C, H, K, A, E, B, L, G, K, S, M, X, K, X, S, X, K, V, J, X, N, B, L, H, B, Q, R, D]
Case #76: [I, T, G, H, O, D, D, Q, E, X, T, V, S, M, O, Z, F, F, G, T, C, C, G, T, F, X, N, N, M, B, U, G, T, O, F, R, L, U, R, S, G, Q, T, O, A, Z, S, R, L]
Case #77: [S, W, D, X, Z, I, X, T]
Case #78: [L, K, V, Y, C, V, T]
Case #79: [F, L, G, F, B, R, A, X, P, D, O, B, P, X, R, G, I, E, P]
Case #80: [V, H, E, R, R]
Case #81: [A, B, O, C, O, G, U, B, H, T, H]
Case #82: [B, E, S, U, R, E, T, O, D, R, I, N, K, Y, O, U, R, O, V, A, L, T, I, N, E]
Case #83: [O, S, Z, Z, U]
Case #84: [E, D]
Case #85: [E, A, F]
Case #86: [S]
Case #87: [O, A]
Case #88: [A, H, H, I, Y, K, Q, M, P, O, B, Y, L, V, M, B, Z, Y, P, I, W]
Case #89: [F]
Case #90: [Q, A, S, D, F, A, S, D, F, A, S, D, F, E]
Case #91: [A, A, A, A, A, A, A, A, A, A]
Case #92: []
Case #93: [I, W, U, J, P, K, I, I, B, C, O]
Case #94: [C, C, U, N, D, J, L, F]
Case #95: [Q, Q, W, E, R, G, D, F, S]
Case #96: [E, D]
Case #97: [D, E, A, F, D, E, A, R, S]
Case #98: [R, F, D, D, W, R, E, R]
Case #99: [B, U, R]
Case #100: [J, D, I, S, H]
