Case #1: our language is impossible to understand
Case #2: there are twenty six factorial possibilities
Case #3: so it is okay if you want to just give up
Case #4: xoggk d yl wxo vkkvgo ekso uyl wonw sywy
Case #5: xkf yto akj
Case #6: yabba dabba yabba dabba yabba dabba yabba dabba yabba dabba yabba dabba yabba dabba yabba dooooooooo
Case #7: a b c d e f g h i j k l m n o p q r s t u v y w x y z now i know my abcs
Case #8: next time wont you sing with me
Case #9: friends dont let friends let scientific progress go boink
Case #10: by the pricking of my thumbs something wicked this way comes
Case #11: you pissed off the chicken lady
Case #12: now that you know googlerese please do not use it to hack into our systems
Case #13: all your base are belong to error the spoony bard
Case #14: my name is dug i have just met you and i looove you
Case #15: an eye for an eye and a pigeon for a pigeon
Case #16: each of us has his own special gift and you know this was meant to be true
Case #17: and if you dont underestimate me i wont underestimate you
Case #18: greetings cheese popsicle the number you have dialed is currently out of porkchops
Case #19: swift as the wind quiet as the forest steady as the mountain
Case #20: f of two equals f of one equals one
Case #21: for i between three and n f of i equals f of i minus one plus f of i minus two
Case #22: let lips do what hands do
Case #23: in a world of direwolves and lions sometimes the rarest creature is a friend
Case #24: for those who speak in a tongue do not speak to other people
Case #25: nobody understands them since they are speaking mysteries in the spirit
Case #26: why do programmers always mix up halloween and christmas
Case #27: oh hai im in ur computer eating your cheezburgers and googleresing your textz
Case #28: right i forgot here in the states you call it a sausage in the mouth
Case #29: our code jam is like the pythagorean theorem
Case #30: there is no answer
