Case #1: 33.333333 66.666667
Case #2: 0.000000 100.000000
Case #3: 25.000000 25.000000 25.000000 25.000000
Case #4: 34.666667 26.666667 38.666667
Case #5: 100.000000 0.000000
Case #6: 10.000000 10.000000 10.000000 10.000000 10.000000 10.000000 10.000000 10.000000 10.000000 10.000000
Case #7: 10.073529 9.338235 7.745098 9.338235 12.524510 9.338235 10.686275 8.480392 9.583333 12.892157
Case #8: 48.000000 52.000000
Case #9: 66.666667 33.333333
Case #10: 33.333333 33.333333 33.333333 0.000000 33.333333 33.333333
Case #11: 28.571429 28.571429 0.000000 28.088337 28.088337 0.000000 0.000000
Case #12: 50.000000 50.000000
Case #13: 33.684211 66.315789
Case #14: 40.000000 0.000000 40.000000 40.000000 40.000000
Case #15: 28.571429 0.000000 28.571429 28.571429 28.571429 28.571429 28.571429
Case #16: 10.000000 10.000000 10.000000 10.000000 10.000000 10.000000 10.000000 10.000000 10.000000 10.000000
Case #17: 0.000000 40.000000 0.000000 39.305556 40.000000
Case #18: 14.795918 0.000000 15.561224 15.306122 15.561224 12.244898 12.244898 14.795918
Case #19: 13.566176 4.191176 10.625000 13.198529 5.661765 8.419118 15.772059 4.926471 15.772059 7.867647
Case #20: 0.000000 40.000000 40.000000 40.000000 40.000000
