Case #1: 33.333333 66.666667
Case #2: 0.0 100.0
Case #3: 25.0 25.0 25.0 25.0
Case #4: 34.666667 26.666667 38.666667
Case #5: 28.02795 28.571429 -4.037267 -4.580745 -4.580745 28.02795 28.571429
Case #6: 51.851852 48.148148
Case #7: 14.285714 14.285714 14.285714 14.285714 14.285714 14.285714 14.285714
Case #8: 100.0 0.0
Case #9: 18.042813 20.489297 2.752294 19.571865 21.100917 18.042813
Case #10: 50.0 50.0
Case #11: 47.692308 52.307692
Case #12: 15.339876 15.339876 11.014177 13.304253 12.286441 18.138859 14.576518
Case #13: 66.666667 33.333333
Case #14: 10.0 10.0 10.0 10.0 10.0 10.0 10.0 10.0 10.0 10.0
Case #15: 10.808824 10.992647 1.617647 10.992647 10.992647 10.808824 10.992647 10.992647 10.808824 10.992647
Case #16: 15.254237 84.745763
Case #17: 10.7173 -1.097046 12.194093 10.295359 10.084388 11.772152 9.451477 12.405063 11.772152 12.405063
Case #18: 0.0 100.0
Case #19: -60.0 40.0 40.0 40.0 40.0
Case #20: 11.977233 13.536253 12.199951 12.868102 12.645385 13.090819 11.309082 12.422668 -0.049493
