Case #1: 33.333333 66.666667
Case #2: 0.0 100.0
Case #3: 25.0 25.0 25.0 25.0
Case #4: 34.666667 26.666667 38.666667
Case #5: 12.71996 12.71996 12.493715 13.398693 0.0 12.041227 12.71996 12.267471 12.041227
Case #6: 18.79845 20.542636 20.833333 12.112403 13.856589 13.856589
Case #7: 22.222222 22.222222 22.222222 0.0 22.222222 22.222222 22.222222 22.222222 22.222222
Case #8: 10.068762 18.713163 20.481336 10.658153 15.766208 9.086444 8.497053 6.72888
Case #9: 25.0 25.0 25.0 0.0 25.0 25.0 25.0 25.0
Case #10: 50.0 50.0
Case #11: 21.900679 0.0 22.222222 0.0 22.222222 0.0 22.222222 0.0 22.222222
Case #12: 40.0 0.0 39.253731 0.0 40.0
Case #13: 22.222222 0.0 0.0 21.861211 22.222222 0.0 22.222222 0.0 21.861211
Case #14: 66.666667 33.333333
Case #15: 10.0 10.0 10.0 10.0 10.0 10.0 10.0 10.0 10.0 10.0
Case #16: 47.435897 52.564103
Case #17: 18.26087 81.73913
Case #18: 100.0 0.0
Case #19: 85.981308 14.018692
Case #20: 10.0 10.0 10.0 10.0 10.0 10.0 10.0 10.0 10.0 10.0
