Case #1:
0.5
0.5
0.5
Case #2:
0.645833333333
0.368055555556
0.604166666667
0.395833333333
Case #3:
0.487088901732
0.428748928655
0.486644791443
0.463541095407
0.561953557174
0.538682148198
0.403455896993
0.554866950216
0.499730165098
0.549303758415
0.563299603712
0.493422225188
0.49213391305
0.553421932069
0.541399338179
0.560721419866
0.518790375045
0.439811419929
0.540275273506
0.51487825782
0.49287674447
0.447219063734
0.519159332909
0.49683268096
0.518421581296
0.426621651992
0.528536855475
0.515149414918
0.557187485307
0.409976606596
0.464196133401
0.554008480541
0.486820812256
0.471086479543
0.492280513832
0.577435224027
0.539105767427
0.517852970981
0.543506469766
0.515850852311
0.425421938316
0.399051658745
0.501319362448
0.491926572282
0.527310162231
0.553921616133
0.553084164461
0.537108338438
0.559870214006
0.517419498056
0.547243988298
0.526612882968
0.506561604604
0.504528597231
0.539092476222
0.499504493824
0.474597167374
0.535668030741
0.443896104273
0.493189724358
0.546643165454
0.497055864085
0.506653192182
0.539180495003
0.39998325122
0.533714325815
0.477045543387
0.508960563797
0.405560813925
0.510091619836
0.511173839597
0.494626862912
0.522284612687
0.508295030028
0.548011086662
0.416119582623
0.529307039428
0.503030303786
0.505527055474
0.482409491376
0.518383912982
0.566541724066
0.419837339891
0.462932868767
0.52777749937
0.381978729178
0.469639919543
0.566833039927
0.38270877584
0.521410418634
0.412718969208
0.451631495048
0.45082300113
0.466513575161
0.549016514195
0.426712695602
0.470290757145
0.52086258534
0.564811006203
0.499965414008
Case #4:
0.444444444444
0.527777777778
0.527777777778
0.5
0.458333333333
0.375
0.5
0.555555555556
0.527777777778
0.569444444444
0.486111111111
0.5
0.5
0.513888888889
0.555555555556
0.472222222222
0.583333333333
0.513888888889
0.388888888889
Case #5:
0.5
0.5
0.5
0.5
0.5
0.5
0.5
0.5
0.5
0.5
0.5
0.5
0.5
0.5
0.5
0.5
0.5
0.5
0.5
0.5
0.5
0.5
0.5
0.5
0.5
0.5
0.5
0.5
0.5
0.5
0.5
0.5
0.5
0.5
0.5
0.5
0.5
0.5
0.5
0.5
0.5
0.5
0.5
0.5
0.5
0.5
0.5
0.5
0.5
0.5
0.5
0.5
0.5
0.5
0.5
0.5
0.5
0.5
0.5
0.5
0.5
0.5
0.5
0.5
0.5
0.5
0.5
0.5
0.5
0.5
0.5
0.5
0.5
0.5
0.5
0.5
0.5
0.5
0.5
0.5
0.5
0.5
0.5
0.5
0.5
0.5
0.5
0.5
0.5
0.5
0.5
0.5
0.5
0.5
0.5
0.5
0.5
0.5
0.5
Case #6:
0.503579757862
0.554448273094
0.543544485248
0.517501587532
0.472162044218
0.462440082617
0.47728274668
0.511222567984
0.614628810462
0.410608845131
0.539674019838
0.457401665683
0.557408418208
0.559359815194
0.441122805463
0.517132287507
0.424019273886
0.54328465732
0.508938481124
0.470592460314
0.473629550057
0.525984483778
0.512784204163
0.504854908157
0.485352811
0.522401615606
0.556214973153
0.462176919675
0.556727744903
0.482673795025
0.484450089596
0.507775955361
0.52635033989
0.49356929577
0.473752428728
0.498178686919
0.529144944338
0.493149165362
0.409470049118
0.42460889373
0.531303073152
0.555375228717
0.518901417837
0.493237870786
0.551123966822
0.534894413876
0.403226236057
0.431229993411
0.507633023176
0.567076017905
0.512630002067
0.481445256756
0.510730024692
0.485805560649
0.500434233879
0.495183247138
0.540513333886
0.610627937595
0.520917668246
0.429577941112
0.520114919372
0.538366721663
0.45177722066
0.458766349992
0.534905674877
0.525477773494
0.458707826082
0.526756481317
0.40964996183
0.489072275934
0.538345367614
0.458480753843
0.542195122993
0.407914615663
0.422948755563
0.46259016959
0.389199080684
0.50242752631
0.525835150871
0.537318235142
0.505201719417
0.534190782917
0.471761924618
0.562168598298
0.414197342194
0.584064510257
0.407563282974
0.55604530405
0.587229991997
0.52497783824
0.524305075708
0.405485661064
0.397487702504
0.568025581615
0.501785510045
0.519926911902
0.515477073895
Case #7:
0.403606223016
0.547549375695
0.538093924265
0.447896815151
0.532741276055
0.488399983744
0.413347861827
0.532628905158
0.521895797866
0.501615363823
0.539674709543
0.533768965958
0.458122029237
0.537444727684
0.556986854659
0.436862336241
0.543336316724
0.417190742574
0.502609800591
0.501842736673
0.557161952927
0.523041357778
0.529662545776
0.479046534221
0.572483614577
0.506428908855
0.603805499427
0.466886972568
0.510947641845
0.428349115854
0.448275766526
0.564812431707
0.473502525015
0.481941533863
0.544210728207
0.547456660962
0.400020797126
0.506071702363
0.481341376998
0.483516121365
0.462142423926
0.421890178935
0.589771678596
0.432028008851
0.538980185515
0.436385035405
0.518208484715
0.497113141262
0.362993661676
0.481895542165
0.373977015419
0.561731028912
0.536808591134
0.502893348977
0.560200004162
0.54013773742
0.557688350568
Case #8:
0.506544382184
0.544594723215
0.56362052179
0.490242329543
0.544126786672
0.539233819365
0.444478567497
0.515546965375
0.523036713191
0.455406359168
0.460631606027
0.484373049067
0.538051582338
0.526600037753
0.531380374305
0.509280615646
0.475289404074
0.500533644327
0.446151866587
0.487875203662
0.529238929977
0.556521483806
0.447931858739
0.470044310345
0.422282849051
0.511692742232
0.469190634985
0.490090147965
0.532253404355
0.424152843092
0.498124762166
0.501177244164
0.452624164359
0.49744248128
0.565490490637
0.54821104356
Case #9:
0.526045420325
0.593287566219
0.540160548343
0.474261489604
0.414831144103
0.446101035905
0.416361856201
0.500423321336
0.504374337289
0.543932495211
0.543575428665
0.521768980328
0.417890495463
0.460221364554
0.536201985618
0.421409265863
0.39327088145
0.507986608346
0.523276920807
0.548559468778
0.561611154584
0.478466829654
0.525716970334
0.571502861905
0.540376985815
0.514689317658
0.525727366939
0.53646294307
0.491268514998
0.432119023883
0.4674670965
0.507791916963
0.509000775034
0.514839432966
0.512410640922
0.498740077394
0.452927634947
0.535539888285
0.458884514254
0.593306568587
0.529981823482
0.5686017089
0.501944472611
0.509512097643
0.493976328505
0.42704357322
0.421024391171
0.526697593537
0.432196294656
0.561427556887
0.507516767902
0.56707849404
0.526539495362
0.508954213488
0.535919117252
0.540714741206
0.407400020526
0.509286488434
0.487871504963
0.505827203851
0.548607739392
0.507543558597
0.416696839398
0.518229773339
0.495276287914
0.459725111293
0.518909510439
0.471306925322
0.530914348608
0.505808519812
0.547784789474
0.447054916213
0.440094293272
0.555210495722
0.491197201037
0.508648274984
0.490773070925
0.432251841387
0.504112432091
0.538864810586
0.528965172691
0.569110941965
0.544753030892
0.37721317284
0.507968116662
0.423337550679
0.505999721586
Case #10:
0.463383838384
0.468434343434
0.566919191919
0.602272727273
0.380050505051
0.460858585859
0.458333333333
0.42297979798
0.582070707071
0.554292929293
0.491161616162
0.597222222222
0.544191919192
0.614898989899
0.385101010101
0.481060606061
0.478535353535
0.425505050505
0.506313131313
0.410353535354
0.574494949495
0.559343434343
0.546717171717
0.42803030303
0.493686868687
0.433080808081
0.52398989899
0.392676767677
0.52904040404
0.513888888889
0.612373737374
0.521464646465
0.486111111111
0.561868686869
0.609848484848
0.415404040404
0.450757575758
0.400252525253
0.607323232323
0.501262626263
0.445707070707
0.556818181818
0.496212121212
0.518939393939
0.539141414141
0.498737373737
0.622474747475
0.407828282828
0.387626262626
0.564393939394
0.395202020202
0.584595959596
0.488636363636
0.536616161616
0.453282828283
0.483585858586
0.57196969697
0.604797979798
0.412878787879
0.508838383838
0.375
0.47095959596
0.402777777778
0.465909090909
0.503787878788
0.455808080808
0.587121212121
0.625
0.420454545455
0.511363636364
0.443181818182
0.619949494949
0.435606060606
0.57702020202
0.589646464646
0.473484848485
0.382575757576
0.617424242424
0.516414141414
0.430555555556
0.377525252525
0.534090909091
0.569444444444
0.592171717172
0.541666666667
0.448232323232
0.599747474747
0.417929292929
0.549242424242
0.47601010101
0.390151515152
0.397727272727
0.579545454545
0.531565656566
0.594696969697
0.440656565657
0.551767676768
0.438131313131
0.405303030303
0.526515151515
Case #11:
0.625
0.622474747475
0.619949494949
0.617424242424
0.614898989899
0.612373737374
0.609848484848
0.607323232323
0.604797979798
0.602272727273
0.599747474747
0.597222222222
0.594696969697
0.592171717172
0.589646464646
0.587121212121
0.584595959596
0.582070707071
0.579545454545
0.57702020202
0.574494949495
0.57196969697
0.569444444444
0.566919191919
0.564393939394
0.561868686869
0.559343434343
0.556818181818
0.554292929293
0.551767676768
0.549242424242
0.546717171717
0.544191919192
0.541666666667
0.539141414141
0.536616161616
0.534090909091
0.531565656566
0.52904040404
0.526515151515
0.52398989899
0.521464646465
0.518939393939
0.516414141414
0.513888888889
0.511363636364
0.508838383838
0.506313131313
0.503787878788
0.501262626263
0.498737373737
0.496212121212
0.493686868687
0.491161616162
0.488636363636
0.486111111111
0.483585858586
0.481060606061
0.478535353535
0.47601010101
0.473484848485
0.47095959596
0.468434343434
0.465909090909
0.463383838384
0.460858585859
0.458333333333
0.455808080808
0.453282828283
0.450757575758
0.448232323232
0.445707070707
0.443181818182
0.440656565657
0.438131313131
0.435606060606
0.433080808081
0.430555555556
0.42803030303
0.425505050505
0.42297979798
0.420454545455
0.417929292929
0.415404040404
0.412878787879
0.410353535354
0.407828282828
0.405303030303
0.402777777778
0.400252525253
0.397727272727
0.395202020202
0.392676767677
0.390151515152
0.387626262626
0.385101010101
0.382575757576
0.380050505051
0.377525252525
0.375
Case #12:
0.506865887786
0.521814118966
0.505699431037
0.516636557524
0.560905066769
0.536551897928
0.532669996745
0.51725954202
0.565620285877
0.417747860462
0.464656918829
0.43490856747
0.581123138904
0.430518902573
0.525420993949
0.51053598035
0.462445307043
0.534533893637
0.518206543115
0.515867006456
0.501554869701
0.492272234115
0.542027643365
0.46268454506
0.535228219209
0.485966777051
0.538670436278
0.521157118294
0.526632821169
0.473003651622
0.501048670847
0.527215244102
0.525387343084
0.394270020737
0.536673981564
0.470794585321
0.498508917886
0.542926214083
0.390450020914
0.446371368404
0.45281624055
0.540652454023
0.52472944049
0.532275865508
0.527793855991
0.45690944046
0.38484848713
0.542846033085
0.549807014191
0.553682096167
0.408816502882
0.454300607085
Case #13:
0.506467479889
0.57163838142
0.53029260858
0.526582969787
0.510321832956
0.521753589959
0.429030401647
0.495446868723
0.4953831044
0.399640368143
0.550757654642
0.495677511064
0.45870151078
0.439620107612
0.505705655385
0.525275681449
0.465751098778
0.499972337835
0.529634448848
0.458260337712
0.481702277845
0.428784149114
0.514305037522
0.540994641092
0.455702470655
0.463614385441
0.55634167718
0.575910217877
0.54997326875
0.477821534946
0.548804257902
0.471271015783
0.531489815529
0.409032782321
0.503912467646
0.56631184317
0.406833756257
0.537835547104
0.56646378794
0.453835602627
0.428653996886
0.507614256091
0.531120378414
0.482189490436
0.543319357405
0.509722278144
0.451592103021
0.39826081307
0.485656161337
0.540418561707
0.510764814012
0.570434409351
0.540801916341
Case #14:
0.500143807237
0.463618819401
0.490348824273
0.509808569114
0.505487772053
0.5510253403
0.466334905949
0.510432059371
0.501000702574
0.532812224136
0.420908951627
0.43385099796
0.411932963805
0.503408989192
0.491103197511
0.550465772751
0.522551740851
0.530428284773
0.508591910829
0.450341249319
0.493803778821
0.512171792774
0.48706353202
0.464734423826
0.524321877091
0.5282110812
0.520348438357
0.518642499654
0.418835126466
0.492288757117
0.54625468698
0.532040798892
0.508644681823
0.515076763634
0.518663433415
0.455555351158
0.509963983887
0.482635200163
0.477877727735
0.383137376507
0.430924923987
0.521136682549
0.537149564552
0.508995754692
0.538287291897
0.507249715969
0.569324385016
0.383802066419
0.554663775399
0.496680901114
0.559904702805
0.532597472949
0.580487150912
0.511085298718
0.505604446266
0.54696647643
0.531033853245
0.522018541737
0.444419710196
0.445029136325
0.530647967
Case #15:
0.425947086838
0.514743218998
0.495253767765
0.555659593937
0.514358794963
0.424005488618
0.431770613477
0.552616828938
0.541803832285
0.412241278382
0.494604466776
0.517903680827
0.400183395856
0.515542976383
0.459709858993
0.481625967277
0.485365154224
0.518249186438
0.555706461027
0.526675925091
0.48743524145
0.475051739433
0.534425095672
0.54441968002
0.508950730054
0.55625633912
0.457076036255
0.484086364692
0.537534412766
0.388697239549
0.395354222647
0.537208380123
0.538826200604
0.494248584964
0.558706346458
0.480837149177
0.546439331209
0.472280004747
0.455881020546
0.558850672141
0.437302045879
0.530254007684
0.531242843444
0.522518999635
0.534175590696
0.489666671241
0.469823131349
0.501969771178
0.390162522459
0.510636348137
0.504639095626
0.513306015123
0.530951847629
0.534610334306
0.503183180016
0.566250607197
0.512673431359
0.528038147687
0.522327363466
0.492332492852
0.513293665317
0.531879969981
0.503952004271
0.446070105073
0.506558996409
0.479751912956
0.52493183184
0.548132103698
0.528969903061
0.475391095813
0.527176121846
0.463182247215
0.535339870007
0.464359741329
0.442205001175
0.512355787837
0.489473417066
0.569342624395
0.53066341423
0.388479873698
0.457611841392
0.545774745241
0.528370806262
0.530327186208
0.446250381885
0.511654810486
0.535509462509
0.434009250224
0.510424069248
0.527342544891
0.530641469828
0.48768460807
0.49696971228
0.435510275685
0.519613054631
0.555925517664
0.469312544018
0.545206960836
0.447650843192
0.540650774005
Case #16:
0.5228873557
0.568310084977
0.514959875307
0.552539610312
0.579674139418
0.60834381943
0.313209611056
0.462533820346
0.392523210182
0.479341446507
0.471009795613
0.531365295008
0.482577746778
0.506713322152
0.642000015715
0.369149345639
0.424919217687
0.48003641324
0.359227810513
0.576484045999
0.522872923538
0.701847023627
0.369016865079
0.492774425806
0.51572002102
0.537572751648
0.790578703704
0.569980248527
0.632513563927
0.496168206493
0.698704117063
0.371630741943
0.642728488893
0.480702035233
0.499920274338
0.405315236666
0.451707855749
0.528047620219
0.589981386739
0.512219509673
0.585463514109
0.49207616843
0.381219029412
0.349913591699
0.585873767436
0.487203914755
0.496551226551
0.488591269841
0.54780608666
0.588334760111
0.502895146906
0.548729786527
0.50102258105
0.488747594998
0.627366397865
0.499946707333
0.492065972222
0.438922032828
0.519876485948
0.471096851988
0.483492458307
0.49098324515
0.515726239149
0.536508676891
0.58509123441
0.429017863585
0.434107593795
0.440462452974
0.553933433924
0.490736402171
0.435606039458
0.538666555006
0.482700206907
0.487832013873
0.391538806432
0.55073256892
0.504661989796
0.555759365845
0.34173300465
0.668361511587
0.366358108958
0.39039900493
0.408860848747
0.446839150433
0.431573605123
0.547303571429
0.420528722063
0.825988906926
0.512518615994
0.538691435328
0.643142268386
Case #17:
0.506223006353
0.52688617324
0.376902958153
0.274525613276
0.454445767196
0.436915105294
0.691196814374
0.535566097892
0.605733619679
0.51115081751
0.474966831008
0.537721831051
0.400308738158
0.678705410826
0.58494791264
0.425127233395
0.54468832672
0.554019974046
0.46117917769
0.526679378822
0.491513888889
0.566930564861
0.466474116162
0.436002893161
0.42539971474
0.611084205147
0.555326934309
0.532020233335
0.626656598851
0.352075892857
0.540714113928
0.465864314441
0.578200102195
0.400194694548
0.497669853295
0.440190045294
0.617628853014
0.424355749244
0.478608505692
0.426744232289
0.507029721821
0.420081674645
0.507885401635
0.497782512626
0.360831758182
0.475934055335
0.512583627517
0.473063897908
0.591075762586
0.598958017677
Case #18:
0.389583333333
0.578125
0.416666666667
0.0625
0.261111111111
0.462962962963
0.708796296296
0.513888888889
0.727361111111
0.6875
0.729166666667
0.520833333333
0.484375
0.411458333333
0.627777777778
0.28125
0.442708333333
0.5
0.63125
0.111111111111
0.479166666667
0.395833333333
0.222222222222
0.379166666667
0.682291666667
0.585833333333
0.333333333333
0.472222222222
0.328125
0.555555555556
0.555555555556
0.380208333333
0.454861111111
0.529166666667
0.65625
0.37037037037
0.541666666667
0.558333333333
0.640625
0.537083333333
0.372222222222
0.5625
0.46875
0.631944444444
0.723958333333
0.486111111111
0.354166666667
0.678240740741
0.320208333333
0.6796875
0.479166666667
0.266666666667
0.229166666667
0.385416666667
0.5
0.588333333333
0.618055555556
0.603298611111
0.484375
0.361111111111
0.604166666667
0.683333333333
0.302083333333
0.677083333333
0.463541666667
0.513888888889
0.563888888889
0.913194444444
0.577777777778
0.46875
0.333333333333
0.475
0.517361111111
0.442708333333
0.335069444444
0.372685185185
0.697916666667
0.858333333333
0.40625
0.510416666667
0.649305555556
0.366666666667
0.480324074074
0.373194444444
0.703125
0.625
0.520833333333
0.541666666667
0.538194444444
0.596064814815
0.254166666667
0.618055555556
0.409027777778
0.558333333333
0.4375
0.347222222222
0.545138888889
0.541666666667
0.631944444444
0.284722222222
Case #19:
0.458840923793
0.535761777553
0.519723431456
0.501125335948
0.402839720008
0.533232201126
0.46157879663
0.51656230556
0.576635461515
0.558239007771
0.493342044924
0.527255020977
0.397012376723
0.380839407021
0.540237683895
0.540126478662
0.485821289314
0.562937655668
0.481080035588
0.468264769577
0.521459941499
0.472611653098
0.548162532835
0.435243302156
0.519189791492
0.40826965927
0.562726053435
0.512352855979
0.44608107105
0.505311717116
0.525161346471
0.552182031099
0.46605522006
0.578836184765
0.488043881428
0.447281729957
0.506962543783
0.542436565749
0.403359322852
0.484678331725
0.41888733985
0.518090249511
0.554044766519
0.513535411676
0.533493691731
0.579287434304
0.530025403697
0.439119959938
0.542219206317
0.568336904257
0.526325532304
0.488107436407
0.463408970632
0.52602170997
0.446516534192
0.544169545631
0.473465875352
Case #20:
0.510119803477
0.421812745511
0.424893205546
0.645349702381
0.473882550705
0.434923641174
0.546133196334
0.512471560847
0.417512926888
0.50482521979
0.499388916446
0.501699797484
0.431532738095
0.417451298701
0.427378472222
0.535764247134
0.403906801146
0.450184540093
0.61993305504
0.443975281085
0.444115410053
0.514069775132
0.517377838762
0.452331717319
0.446063436949
0.606585035763
0.44991005291
0.618169589174
0.531746919306
0.568370164227
0.489826625094
0.563655753968
0.602078609221
0.680287698413
0.398377625461
0.529930939688
0.462638822083
0.399426557239
0.570839651833
0.507690696649
0.529960213673
0.460017328901
0.422217787999
0.666762772817
0.430503654745
0.365806051587
