Case #1:
0.5
0.5
0.5
Case #2:
0.645833333333
0.368055555556
0.604166666667
0.395833333333
Case #3:
0.611111111111
0.5
0.5
0.388888888889
Case #4:
0.479166666667
0.319444444444
0.604166666667
0.388888888889
0.6875
0.447916666667
0.729166666667
0.625
0.569444444444
0.298611111111
Case #5:
0.451066974409
0.464235098801
0.438645597128
0.55947319404
0.389930555556
0.57445132815
0.496453373016
0.568572845805
0.550148809524
Case #6:
0.524593253968
0.471430431548
0.474265252976
0.434012896825
0.493015873016
0.503054315476
0.43837797619
0.591796875
0.471116071429
0.598452380952
Case #7:
0.338541666667
0.338541666667
0.157407407407
0.670138888889
0.845486111111
0.600694444444
Case #8:
0.5
0.5
0.5
Case #9:
0.333333333333
0.583333333333
0.583333333333
0.25
0.75
Case #10:
0.5
0.5
0.5
0.5
0.5
0.5
0.5
0.5
0.5
Case #11:
0.508541666667
0.264583333333
0.595086805556
0.485069444444
0.507586805556
0.6625
0.502743055556
0.426666666667
0.514583333333
0.475
Case #12:
0.597222222222
0.486111111111
0.430555555556
0.625
0.402777777778
0.375
0.458333333333
0.513888888889
0.569444444444
0.541666666667
Case #13:
0.631944444444
0.395833333333
0.354166666667
0.604166666667
Case #14:
0.460472222222
0.451342592593
0.686157407407
0.421333333333
0.531805555556
0.606944444444
0.4945
0.366833333333
0.594953703704
Case #15:
0.0
0.1875
0.25
0.5
0.75
0.8125
1.0
Case #16:
0.386666666667
0.548784722222
0.453298611111
0.551666666667
0.567361111111
0.532638888889
Case #17:
0.625
0.597222222222
0.569444444444
0.541666666667
0.513888888889
0.486111111111
0.458333333333
0.430555555556
0.402777777778
0.375
Case #18:
0.51875
0.340972222222
0.523611111111
0.597395833333
0.41875
0.604340277778
Case #19:
0.425
0.525
0.475
0.575
0.575
0.425
Case #20:
0.713541666667
0.289583333333
0.292261904762
0.645089285714
0.474255952381
0.479761904762
0.601279761905
0.292261904762
0.529203869048
0.526041666667
